#Software: devenv
#ProcessID: 12384
#AppDomain: throwawayDomain47b4a9ce-37e9-4c2b-bdbd-f59988e94c86
#FileName: C:\Program Files (x86)\Microsoft Visual Studio\2017\Enterprise\Common7\IDE\devenv.exe
#BaseDirectory: C:\Program Files (x86)\Microsoft Visual Studio\2017\Enterprise\Common7\IDE\
#BasePath: D:\msys32\home\Work\LiuYan\LiuYan\Entity\.
#TempPath: C:\Users\Work\AppData\Local\Temp\
#CommandLine: "C:\Program Files (x86)\Microsoft Visual Studio\2017\Enterprise\Common7\IDE\devenv.exe" 
#ApplicationType: WinForm
#CLR: 4.0.30319.42000, 
#OS: Microsoft Windows NT 10.0.19041.0, DESKTOP-209ASAS/Work
#CPU: 4
#GC: IsServerGC=False, LatencyMode=Interactive
#Date: 2020-07-07
#字段: 时间 线程ID 线程池Y/网页W/普通N/定时T 线程名/任务ID 消息内容
#Fields: Time ThreadID Kind Name Message
15:47:19.343  1 N - NewLife.Core v8.8.2020.0701 Build 2020-07-01 23:06:30 .NET Framework 4.5
15:47:19.344  1 N - X组件核心库 ©2002-2020 NewLife
15:47:19.344  1 N - 初始化NewLife.Setting的配置 NewLife.Configuration.XmlConfigProvider
15:47:19.370  1 N - 保存配置 D:\msys32\home\Work\LiuYan\LiuYan\Entity\Config\Core.config
15:47:19.374  1 N - 初始化XCode.Setting的配置 NewLife.Configuration.XmlConfigProvider
15:47:19.375  1 N - 保存配置 D:\msys32\home\Work\LiuYan\LiuYan\Entity\Config\XCode.config
15:47:19.377  1 N - XCode v9.18.2020.0701 Build 2020-07-01 23:07:02 .NET Framework 4.5
15:47:19.377  1 N - 数据中间件 ©2002-2020 NewLife
15:47:19.380 50 Y - 配置文件改变，重新加载 D:\msys32\home\Work\LiuYan\LiuYan\Entity\Config\XCode.config
